0 info it worked if it ends with ok
1 verbose cli [ '/usr/bin/node', '/usr/bin/npm', 'install' ]
2 info using npm@2.15.11
3 info using node@v4.8.7
4 verbose readDependencies loading dependencies from /home/gokulan/Work/Work/package.json
5 warn package.json nodeapp@1.0.0 No repository field.
6 verbose install where, deps [ '/home/gokulan/Work/Work',
6 verbose install   [ 'body-parser',
6 verbose install     'express',
6 verbose install     'express-validator',
6 verbose install     'formidalble',
6 verbose install     'is-valid-json',
6 verbose install     'multer',
6 verbose install     'mysql',
6 verbose install     'nodemon',
6 verbose install     'mongodb',
6 verbose install     'request' ] ]
7 verbose install where, peers [ '/home/gokulan/Work/Work', [] ]
8 verbose installManyTop reading for lifecycle /home/gokulan/Work/Work/package.json
9 info preinstall nodeapp@1.0.0
10 verbose installManyTop reading scoped package data from /home/gokulan/Work/Work/node_modules/body-parser/package.json
11 verbose installManyTop reading scoped package data from /home/gokulan/Work/Work/node_modules/connect-multiparty/package.json
12 verbose installManyTop reading scoped package data from /home/gokulan/Work/Work/node_modules/express/package.json
13 verbose installManyTop reading scoped package data from /home/gokulan/Work/Work/node_modules/express-handlebars/package.json
14 verbose installManyTop reading scoped package data from /home/gokulan/Work/Work/node_modules/express-validator/package.json
15 verbose installManyTop reading scoped package data from /home/gokulan/Work/Work/node_modules/formidable/package.json
16 verbose installManyTop reading scoped package data from /home/gokulan/Work/Work/node_modules/is-valid-json/package.json
17 verbose installManyTop reading scoped package data from /home/gokulan/Work/Work/node_modules/mongodb/package.json
18 verbose installManyTop reading scoped package data from /home/gokulan/Work/Work/node_modules/multer/package.json
19 verbose installManyTop reading scoped package data from /home/gokulan/Work/Work/node_modules/multiparty/package.json
20 verbose installManyTop reading scoped package data from /home/gokulan/Work/Work/node_modules/mysql/package.json
21 verbose installManyTop reading scoped package data from /home/gokulan/Work/Work/node_modules/nodemon/package.json
22 verbose installManyTop reading scoped package data from /home/gokulan/Work/Work/node_modules/request/package.json
23 verbose readDependencies loading dependencies from /home/gokulan/Work/Work/package.json
24 verbose targetResolver reading package data from /home/gokulan/Work/Work/node_modules/body-parser/package.json
25 verbose targetResolver reading package data from /home/gokulan/Work/Work/node_modules/connect-multiparty/package.json
26 verbose targetResolver reading package data from /home/gokulan/Work/Work/node_modules/express/package.json
27 verbose targetResolver reading package data from /home/gokulan/Work/Work/node_modules/express-handlebars/package.json
28 verbose targetResolver reading package data from /home/gokulan/Work/Work/node_modules/express-validator/package.json
29 verbose targetResolver reading package data from /home/gokulan/Work/Work/node_modules/formidable/package.json
30 verbose targetResolver reading package data from /home/gokulan/Work/Work/node_modules/is-valid-json/package.json
31 verbose targetResolver reading package data from /home/gokulan/Work/Work/node_modules/mongodb/package.json
32 verbose targetResolver reading package data from /home/gokulan/Work/Work/node_modules/multer/package.json
33 verbose targetResolver reading package data from /home/gokulan/Work/Work/node_modules/multiparty/package.json
34 verbose targetResolver reading package data from /home/gokulan/Work/Work/node_modules/mysql/package.json
35 verbose targetResolver reading package data from /home/gokulan/Work/Work/node_modules/nodemon/package.json
36 verbose targetResolver reading package data from /home/gokulan/Work/Work/node_modules/request/package.json
37 verbose targetResolver reading package data from /home/gokulan/Work/Work/node_modules/.bin/nodemon/package.json
38 verbose already installed skipping mongodb@* /home/gokulan/Work/Work
39 verbose already installed skipping request@^2.85.0 /home/gokulan/Work/Work
40 verbose already installed skipping body-parser@^1.18.2 /home/gokulan/Work/Work
41 verbose already installed skipping express@^4.16.3 /home/gokulan/Work/Work
42 verbose already installed skipping express-validator@^5.0.3 /home/gokulan/Work/Work
43 silly cache add args [ 'formidalble@^1.1.1', null ]
44 verbose cache add spec formidalble@^1.1.1
45 silly cache add parsed spec Result {
45 silly cache add   raw: 'formidalble@^1.1.1',
45 silly cache add   scope: null,
45 silly cache add   name: 'formidalble',
45 silly cache add   rawSpec: '^1.1.1',
45 silly cache add   spec: '>=1.1.1 <2.0.0',
45 silly cache add   type: 'range' }
46 silly addNamed formidalble@>=1.1.1 <2.0.0
47 verbose addNamed ">=1.1.1 <2.0.0" is a valid semver range for formidalble
48 silly addNameRange { name: 'formidalble', range: '>=1.1.1 <2.0.0', hasData: false }
49 silly mapToRegistry name formidalble
50 silly mapToRegistry using default registry
51 silly mapToRegistry registry https://registry.npmjs.org/
52 silly mapToRegistry data Result {
52 silly mapToRegistry   raw: 'formidalble',
52 silly mapToRegistry   scope: null,
52 silly mapToRegistry   name: 'formidalble',
52 silly mapToRegistry   rawSpec: '',
52 silly mapToRegistry   spec: 'latest',
52 silly mapToRegistry   type: 'tag' }
53 silly mapToRegistry uri https://registry.npmjs.org/formidalble
54 verbose addNameRange registry:https://registry.npmjs.org/formidalble not in flight; fetching
55 verbose request uri https://registry.npmjs.org/formidalble
56 verbose request no auth needed
57 info attempt registry request try #1 at 12:25:05 PM
58 verbose request id f202c7548d45333b
59 http request GET https://registry.npmjs.org/formidalble
60 verbose already installed skipping is-valid-json@^1.0.2 /home/gokulan/Work/Work
61 verbose already installed skipping multer@^1.3.0 /home/gokulan/Work/Work
62 verbose already installed skipping mysql@^2.15.0 /home/gokulan/Work/Work
63 verbose already installed skipping nodemon@^1.17.2 /home/gokulan/Work/Work
64 http 404 https://registry.npmjs.org/formidalble
65 verbose headers { 'content-type': 'application/json',
65 verbose headers   'cache-control': 'max-age=0',
65 verbose headers   'content-length': '2',
65 verbose headers   'accept-ranges': 'bytes',
65 verbose headers   date: 'Thu, 29 Mar 2018 06:55:06 GMT',
65 verbose headers   via: '1.1 varnish',
65 verbose headers   connection: 'keep-alive',
65 verbose headers   'x-served-by': 'cache-sea1027-SEA',
65 verbose headers   'x-cache': 'MISS',
65 verbose headers   'x-cache-hits': '0',
65 verbose headers   'x-timer': 'S1522306506.044838,VS0,VE354',
65 verbose headers   vary: 'Accept-Encoding' }
66 silly get cb [ 404,
66 silly get   { 'content-type': 'application/json',
66 silly get     'cache-control': 'max-age=0',
66 silly get     'content-length': '2',
66 silly get     'accept-ranges': 'bytes',
66 silly get     date: 'Thu, 29 Mar 2018 06:55:06 GMT',
66 silly get     via: '1.1 varnish',
66 silly get     connection: 'keep-alive',
66 silly get     'x-served-by': 'cache-sea1027-SEA',
66 silly get     'x-cache': 'MISS',
66 silly get     'x-cache-hits': '0',
66 silly get     'x-timer': 'S1522306506.044838,VS0,VE354',
66 silly get     vary: 'Accept-Encoding' } ]
67 verbose stack Error: Registry returned 404 for GET on https://registry.npmjs.org/formidalble
67 verbose stack     at makeError (/usr/lib/node_modules/npm/node_modules/npm-registry-client/lib/request.js:302:12)
67 verbose stack     at CachingRegistryClient.<anonymous> (/usr/lib/node_modules/npm/node_modules/npm-registry-client/lib/request.js:280:14)
67 verbose stack     at Request._callback (/usr/lib/node_modules/npm/node_modules/npm-registry-client/lib/request.js:210:14)
67 verbose stack     at Request.self.callback (/usr/lib/node_modules/npm/node_modules/request/request.js:187:22)
67 verbose stack     at emitTwo (events.js:87:13)
67 verbose stack     at Request.emit (events.js:172:7)
67 verbose stack     at Request.<anonymous> (/usr/lib/node_modules/npm/node_modules/request/request.js:1044:10)
67 verbose stack     at emitOne (events.js:77:13)
67 verbose stack     at Request.emit (events.js:169:7)
67 verbose stack     at IncomingMessage.<anonymous> (/usr/lib/node_modules/npm/node_modules/request/request.js:965:12)
68 verbose statusCode 404
69 verbose pkgid formidalble
70 verbose cwd /home/gokulan/Work/Work
71 error Linux 4.4.0-31-generic
72 error argv "/usr/bin/node" "/usr/bin/npm" "install"
73 error node v4.8.7
74 error npm  v2.15.11
75 error code E404
76 error 404 Registry returned 404 for GET on https://registry.npmjs.org/formidalble
76 error 404
76 error 404 'formidalble' is not in the npm registry.
76 error 404 You should bug the author to publish it (or use the name yourself!)
76 error 404 It was specified as a dependency of 'nodeapp'
76 error 404
76 error 404 Note that you can also install from a
76 error 404 tarball, folder, http url, or git url.
77 verbose exit [ 1, true ]
